<?xml version="1.0" encoding="UTF-8"?>
<coverage generated="1774888260047" clover="3.2.0">
  <project timestamp="1774888260047" name="All files">
    <metrics statements="45" coveredstatements="45" conditionals="24" coveredconditionals="24" methods="9" coveredmethods="9" elements="78" coveredelements="78" complexity="0" loc="45" ncloc="45" packages="1" files="2" classes="2"/>
    <file name="index.ts" path="/Users/benjamin/mainlayer/mainlayer-other/tier2-integrations/mainlayer-webhooks/typescript/src/index.ts">
      <metrics statements="32" coveredstatements="32" conditionals="18" coveredconditionals="18" methods="7" coveredmethods="7"/>
      <line num="1" count="1" type="stmt"/>
      <line num="17" count="10" type="stmt"/>
      <line num="19" count="1" type="stmt"/>
      <line num="28" count="1" type="stmt"/>
      <line num="30" count="3" type="stmt"/>
      <line num="31" count="3" type="stmt"/>
      <line num="35" count="1" type="stmt"/>
      <line num="37" count="8" type="stmt"/>
      <line num="38" count="8" type="stmt"/>
      <line num="56" count="1" type="stmt"/>
      <line num="67" count="2" type="stmt"/>
      <line num="88" count="19" type="cond" truecount="1" falsecount="0"/>
      <line num="89" count="3" type="stmt"/>
      <line num="95" count="16" type="cond" truecount="2" falsecount="0"/>
      <line num="98" count="16" type="stmt"/>
      <line num="99" count="16" type="stmt"/>
      <line num="101" count="1" type="stmt"/>
      <line num="104" count="15" type="stmt"/>
      <line num="112" count="15" type="cond" truecount="4" falsecount="0"/>
      <line num="113" count="1" type="stmt"/>
      <line num="116" count="14" type="stmt"/>
      <line num="118" count="14" type="cond" truecount="3" falsecount="0"/>
      <line num="119" count="1" type="stmt"/>
      <line num="122" count="13" type="cond" truecount="1" falsecount="0"/>
      <line num="123" count="1" type="stmt"/>
      <line num="126" count="12" type="cond" truecount="1" falsecount="0"/>
      <line num="127" count="2" type="stmt"/>
      <line num="133" count="10" type="cond" truecount="3" falsecount="0"/>
      <line num="134" count="1" type="stmt"/>
      <line num="137" count="9" type="cond" truecount="3" falsecount="0"/>
      <line num="138" count="1" type="stmt"/>
      <line num="143" count="8" type="stmt"/>
    </file>
    <file name="verify.ts" path="/Users/benjamin/mainlayer/mainlayer-other/tier2-integrations/mainlayer-webhooks/typescript/src/verify.ts">
      <metrics statements="13" coveredstatements="13" conditionals="6" coveredconditionals="6" methods="2" coveredmethods="2"/>
      <line num="1" count="1" type="stmt"/>
      <line num="10" count="1" type="stmt"/>
      <line num="11" count="34" type="cond" truecount="2" falsecount="0"/>
      <line num="12" count="34" type="stmt"/>
      <line num="25" count="1" type="stmt"/>
      <line num="30" count="28" type="cond" truecount="3" falsecount="0"/>
      <line num="31" count="3" type="stmt"/>
      <line num="34" count="25" type="stmt"/>
      <line num="37" count="25" type="stmt"/>
      <line num="38" count="25" type="stmt"/>
      <line num="40" count="25" type="cond" truecount="1" falsecount="0"/>
      <line num="41" count="3" type="stmt"/>
      <line num="44" count="22" type="stmt"/>
    </file>
  </project>
</coverage>
