{"/Users/benjamin/mainlayer/mainlayer-other/tier2-integrations/mainlayer-webhooks/typescript/src/index.ts": {"path":"/Users/benjamin/mainlayer/mainlayer-other/tier2-integrations/mainlayer-webhooks/typescript/src/index.ts","statementMap":{"0":{"start":{"line":1,"column":0},"end":{"line":1,"column":43}},"1":{"start":{"line":17,"column":0},"end":{"line":17,"column":9}},"2":{"start":{"line":17,"column":9},"end":{"line":17,"column":26}},"3":{"start":{"line":17,"column":26},"end":{"line":17,"column":61}},"4":{"start":{"line":19,"column":26},"end":{"line":26,"column":2}},"5":{"start":{"line":30,"column":4},"end":{"line":30,"column":19}},"6":{"start":{"line":31,"column":4},"end":{"line":31,"column":43}},"7":{"start":{"line":28,"column":0},"end":{"line":28,"column":13}},"8":{"start":{"line":37,"column":4},"end":{"line":37,"column":19}},"9":{"start":{"line":38,"column":4},"end":{"line":38,"column":36}},"10":{"start":{"line":35,"column":0},"end":{"line":35,"column":13}},"11":{"start":{"line":67,"column":4},"end":{"line":67,"column":55}},"12":{"start":{"line":88,"column":4},"end":{"line":93,"column":5}},"13":{"start":{"line":89,"column":6},"end":{"line":92,"column":8}},"14":{"start":{"line":95,"column":16},"end":{"line":95,"column":80}},"15":{"start":{"line":98,"column":4},"end":{"line":102,"column":5}},"16":{"start":{"line":99,"column":6},"end":{"line":99,"column":31}},"17":{"start":{"line":101,"column":6},"end":{"line":101,"column":72}},"18":{"start":{"line":104,"column":4},"end":{"line":104,"column":55}},"19":{"start":{"line":112,"column":4},"end":{"line":114,"column":5}},"20":{"start":{"line":113,"column":6},"end":{"line":113,"column":76}},"21":{"start":{"line":116,"column":16},"end":{"line":116,"column":48}},"22":{"start":{"line":118,"column":4},"end":{"line":120,"column":5}},"23":{"start":{"line":119,"column":6},"end":{"line":119,"column":82}},"24":{"start":{"line":122,"column":4},"end":{"line":124,"column":5}},"25":{"start":{"line":123,"column":6},"end":{"line":123,"column":84}},"26":{"start":{"line":126,"column":4},"end":{"line":131,"column":5}},"27":{"start":{"line":127,"column":6},"end":{"line":130,"column":8}},"28":{"start":{"line":133,"column":4},"end":{"line":135,"column":5}},"29":{"start":{"line":134,"column":6},"end":{"line":134,"column":84}},"30":{"start":{"line":137,"column":4},"end":{"line":141,"column":5}},"31":{"start":{"line":138,"column":6},"end":{"line":140,"column":8}},"32":{"start":{"line":143,"column":4},"end":{"line":148,"column":6}},"33":{"start":{"line":56,"column":0},"end":{"line":56,"column":13}}},"fnMap":{"0":{"name":"(anonymous_0)","decl":{"start":{"line":17,"column":9},"end":{"line":17,"column":24}},"loc":{"start":{"line":17,"column":9},"end":{"line":17,"column":26}}},"1":{"name":"(anonymous_1)","decl":{"start":{"line":17,"column":26},"end":{"line":17,"column":42}},"loc":{"start":{"line":17,"column":26},"end":{"line":17,"column":61}}},"2":{"name":"(anonymous_2)","decl":{"start":{"line":29,"column":2},"end":{"line":29,"column":14}},"loc":{"start":{"line":29,"column":29},"end":{"line":32,"column":3}}},"3":{"name":"(anonymous_3)","decl":{"start":{"line":36,"column":2},"end":{"line":36,"column":14}},"loc":{"start":{"line":36,"column":29},"end":{"line":39,"column":3}}},"4":{"name":"(anonymous_4)","decl":{"start":{"line":66,"column":2},"end":{"line":66,"column":8}},"loc":{"start":{"line":66,"column":75},"end":{"line":68,"column":3}}},"5":{"name":"(anonymous_5)","decl":{"start":{"line":83,"column":2},"end":{"line":83,"column":8}},"loc":{"start":{"line":86,"column":18},"end":{"line":105,"column":3}}},"6":{"name":"(anonymous_6)","decl":{"start":{"line":111,"column":10},"end":{"line":111,"column":16}},"loc":{"start":{"line":111,"column":50},"end":{"line":149,"column":3}}}},"branchMap":{"0":{"loc":{"start":{"line":88,"column":4},"end":{"line":93,"column":5}},"type":"if","locations":[{"start":{"line":88,"column":4},"end":{"line":93,"column":5}}]},"1":{"loc":{"start":{"line":95,"column":16},"end":{"line":95,"column":80}},"type":"cond-expr","locations":[{"start":{"line":95,"column":46},"end":{"line":95,"column":53}},{"start":{"line":95,"column":56},"end":{"line":95,"column":80}}]},"2":{"loc":{"start":{"line":112,"column":4},"end":{"line":114,"column":5}},"type":"if","locations":[{"start":{"line":112,"column":4},"end":{"line":114,"column":5}}]},"3":{"loc":{"start":{"line":112,"column":8},"end":{"line":112,"column":75}},"type":"binary-expr","locations":[{"start":{"line":112,"column":8},"end":{"line":112,"column":33}},{"start":{"line":112,"column":37},"end":{"line":112,"column":51}},{"start":{"line":112,"column":55},"end":{"line":112,"column":75}}]},"4":{"loc":{"start":{"line":118,"column":4},"end":{"line":120,"column":5}},"type":"if","locations":[{"start":{"line":118,"column":4},"end":{"line":120,"column":5}}]},"5":{"loc":{"start":{"line":118,"column":8},"end":{"line":118,"column":64}},"type":"binary-expr","locations":[{"start":{"line":118,"column":8},"end":{"line":118,"column":37}},{"start":{"line":118,"column":41},"end":{"line":118,"column":64}}]},"6":{"loc":{"start":{"line":122,"column":4},"end":{"line":124,"column":5}},"type":"if","locations":[{"start":{"line":122,"column":4},"end":{"line":124,"column":5}}]},"7":{"loc":{"start":{"line":126,"column":4},"end":{"line":131,"column":5}},"type":"if","locations":[{"start":{"line":126,"column":4},"end":{"line":131,"column":5}}]},"8":{"loc":{"start":{"line":133,"column":4},"end":{"line":135,"column":5}},"type":"if","locations":[{"start":{"line":133,"column":4},"end":{"line":135,"column":5}}]},"9":{"loc":{"start":{"line":133,"column":8},"end":{"line":133,"column":63}},"type":"binary-expr","locations":[{"start":{"line":133,"column":8},"end":{"line":133,"column":39}},{"start":{"line":133,"column":43},"end":{"line":133,"column":63}}]},"10":{"loc":{"start":{"line":137,"column":4},"end":{"line":141,"column":5}},"type":"if","locations":[{"start":{"line":137,"column":4},"end":{"line":141,"column":5}}]},"11":{"loc":{"start":{"line":137,"column":8},"end":{"line":137,"column":80}},"type":"binary-expr","locations":[{"start":{"line":137,"column":8},"end":{"line":137,"column":45}},{"start":{"line":137,"column":49},"end":{"line":137,"column":80}}]}},"s":{"0":1,"1":1,"2":8,"3":10,"4":1,"5":3,"6":3,"7":1,"8":8,"9":8,"10":1,"11":2,"12":19,"13":3,"14":16,"15":16,"16":16,"17":1,"18":15,"19":15,"20":1,"21":14,"22":14,"23":1,"24":13,"25":1,"26":12,"27":2,"28":10,"29":1,"30":9,"31":1,"32":8,"33":1},"f":{"0":7,"1":9,"2":3,"3":8,"4":2,"5":19,"6":15},"b":{"0":[3],"1":[15,1],"2":[1],"3":[15,15,15],"4":[1],"5":[14,13],"6":[1],"7":[2],"8":[1],"9":[10,9],"10":[1],"11":[9,8]}}
,"/Users/benjamin/mainlayer/mainlayer-other/tier2-integrations/mainlayer-webhooks/typescript/src/verify.ts": {"path":"/Users/benjamin/mainlayer/mainlayer-other/tier2-integrations/mainlayer-webhooks/typescript/src/verify.ts","statementMap":{"0":{"start":{"line":10,"column":0},"end":{"line":10,"column":16}},"1":{"start":{"line":25,"column":0},"end":{"line":25,"column":16}},"2":{"start":{"line":1,"column":0},"end":{"line":1,"column":53}},"3":{"start":{"line":11,"column":15},"end":{"line":11,"column":83}},"4":{"start":{"line":12,"column":2},"end":{"line":12,"column":65}},"5":{"start":{"line":30,"column":2},"end":{"line":32,"column":3}},"6":{"start":{"line":31,"column":4},"end":{"line":31,"column":17}},"7":{"start":{"line":34,"column":19},"end":{"line":34,"column":52}},"8":{"start":{"line":37,"column":22},"end":{"line":37,"column":50}},"9":{"start":{"line":38,"column":22},"end":{"line":38,"column":51}},"10":{"start":{"line":40,"column":2},"end":{"line":42,"column":3}},"11":{"start":{"line":41,"column":4},"end":{"line":41,"column":17}},"12":{"start":{"line":44,"column":2},"end":{"line":44,"column":51}}},"fnMap":{"0":{"name":"computeSignature","decl":{"start":{"line":10,"column":16},"end":{"line":10,"column":32}},"loc":{"start":{"line":10,"column":73},"end":{"line":13,"column":1}}},"1":{"name":"verifySignature","decl":{"start":{"line":25,"column":16},"end":{"line":25,"column":31}},"loc":{"start":{"line":28,"column":16},"end":{"line":45,"column":1}}}},"branchMap":{"0":{"loc":{"start":{"line":11,"column":15},"end":{"line":11,"column":83}},"type":"cond-expr","locations":[{"start":{"line":11,"column":45},"end":{"line":11,"column":73}},{"start":{"line":11,"column":76},"end":{"line":11,"column":83}}]},"1":{"loc":{"start":{"line":30,"column":2},"end":{"line":32,"column":3}},"type":"if","locations":[{"start":{"line":30,"column":2},"end":{"line":32,"column":3}}]},"2":{"loc":{"start":{"line":30,"column":6},"end":{"line":30,"column":27}},"type":"binary-expr","locations":[{"start":{"line":30,"column":6},"end":{"line":30,"column":16}},{"start":{"line":30,"column":20},"end":{"line":30,"column":27}}]},"3":{"loc":{"start":{"line":40,"column":2},"end":{"line":42,"column":3}},"type":"if","locations":[{"start":{"line":40,"column":2},"end":{"line":42,"column":3}}]}},"s":{"0":1,"1":1,"2":1,"3":34,"4":34,"5":28,"6":3,"7":25,"8":25,"9":25,"10":25,"11":3,"12":22},"f":{"0":34,"1":28},"b":{"0":[31,3],"1":[3],"2":[28,26],"3":[3]}}
}
