TN:
SF:src/index.ts
FN:17,(anonymous_0)
FN:17,(anonymous_1)
FN:29,(anonymous_2)
FN:36,(anonymous_3)
FN:66,(anonymous_4)
FN:83,(anonymous_5)
FN:111,(anonymous_6)
FNF:7
FNH:7
FNDA:7,(anonymous_0)
FNDA:9,(anonymous_1)
FNDA:3,(anonymous_2)
FNDA:8,(anonymous_3)
FNDA:2,(anonymous_4)
FNDA:19,(anonymous_5)
FNDA:15,(anonymous_6)
DA:1,1
DA:17,10
DA:19,1
DA:28,1
DA:30,3
DA:31,3
DA:35,1
DA:37,8
DA:38,8
DA:56,1
DA:67,2
DA:88,19
DA:89,3
DA:95,16
DA:98,16
DA:99,16
DA:101,1
DA:104,15
DA:112,15
DA:113,1
DA:116,14
DA:118,14
DA:119,1
DA:122,13
DA:123,1
DA:126,12
DA:127,2
DA:133,10
DA:134,1
DA:137,9
DA:138,1
DA:143,8
LF:32
LH:32
BRDA:88,0,0,3
BRDA:95,1,0,15
BRDA:95,1,1,1
BRDA:112,2,0,1
BRDA:112,3,0,15
BRDA:112,3,1,15
BRDA:112,3,2,15
BRDA:118,4,0,1
BRDA:118,5,0,14
BRDA:118,5,1,13
BRDA:122,6,0,1
BRDA:126,7,0,2
BRDA:133,8,0,1
BRDA:133,9,0,10
BRDA:133,9,1,9
BRDA:137,10,0,1
BRDA:137,11,0,9
BRDA:137,11,1,8
BRF:18
BRH:18
end_of_record
TN:
SF:src/verify.ts
FN:10,computeSignature
FN:25,verifySignature
FNF:2
FNH:2
FNDA:34,computeSignature
FNDA:28,verifySignature
DA:1,1
DA:10,1
DA:11,34
DA:12,34
DA:25,1
DA:30,28
DA:31,3
DA:34,25
DA:37,25
DA:38,25
DA:40,25
DA:41,3
DA:44,22
LF:13
LH:13
BRDA:11,0,0,31
BRDA:11,0,1,3
BRDA:30,1,0,3
BRDA:30,2,0,28
BRDA:30,2,1,26
BRDA:40,3,0,3
BRF:6
BRH:6
end_of_record
